本文将向你介绍战斗的一些要素。

一、角色属性
攻击力、能量、每回合移动步数、血量等在此不表

攻击系数
该属性关系角色普攻及部分技能造成的伤害。
造成的伤害为 (攻击力*攻击系数*敌方承伤系数)
如：攻击力为40的意晚在2攻击系数的情况下攻击承伤系数为0.75的九章
造成伤害为 40*2*0.75=60

承伤系数
关系受到的伤害(不包括状态造成的伤害)
受到的伤害为 (受到的伤害*承伤系数)
如：意晚在承伤系数为1.5的情况下受到来自九章的50伤害
受到伤害为 50*1.5=75

效果
角色所处的状态
燃烧：每回合减少20-50点血量
眩晕：角色该回合无法操作
生命恢复：每回合恢复20-30点血量
顽强：受到的伤害减少25%
脆弱：受到的伤害增加25%
锋利：造成的伤害增加25%
虚弱：造成的伤害减少25%
心神不定：每回合恢复的能量减少一点
粘滞：角色无法移动

类型
这是角色的类型，将对角色有一些加成或减益
均衡：基础角色类型
追风：擅长移动的角色，初始承伤系数为1.5，每移动一步则恢复一格能量
听风：懒得动弹的角色，休憩时比其他角色额外恢复一格能量，但移动步数减一
睿智：聪明绝顶的角色，初始能量为9，但休憩时只能恢复一格能量
狂暴：肉体强大至极的角色，初始承伤系数为0.75，攻击系数为1.25，但每回合只能移动一步且能量回复减一
死亡：缭绕死气的角色，受到攻击时额外恢复一格能量，但死亡时给队友施加负面状态【脆弱】【虚弱】【心神不定】


二、移动
角色每回合可以移动一定步数

移动时有几个注意的：
1.禁止与其它角色重叠在同一格子内
2.禁止离开地图边缘
3.禁止走超过每回合移动步数的格子
4.本游戏暂不考虑蹩马腿、塞象眼等情况，且角色移动时||不会走斜线||！

考虑到部分远程角色因为跑的太快导致可以磨死近战角色，我们建议该近战角色好好攒能量，争取一波抽卡带走。


三、休憩
角色每回合可以选择休息，休息时将恢复能量，不同角色恢复能量不同

每个类型的恢复能力如下（计算后）
均衡、死亡、追风、狂暴：1-3点
听风：2-4点
睿智：1点


四、攻击
角色可以选择攻击，造成的伤害参见伤害系数的介绍。


五、技能
每种角色的技能都是不同的，有些会给角色施加状态。
格式如下：
n.XXX-p:(什么什么作用)
n――技能编号，输入该编号以调用技能
XXX：技能名称（放心，先前意晚“斩仙决”的情况不会发生）
p:消耗能量


六、卡牌
角色可以选择消耗5点能量来抽取一张卡牌，卡牌上限为六张，不同的卡牌有不同的分类。
角色专属卡只有特定角色才能使用。
顺带一提，卡牌效果可以在轮到属于自己回合时查看。

增益性（无副作用）：
隆重谢幕
安如磐石
清风拂面
动心忍性
护身符
格挡
反击

半增半损性（有增益和副作用）：
无坚不摧
清风拂面
轻装上阵
重装上阵

角色专属卡：
黎雾：
>> 丹心汗青
>> 太平匕
>> 浩然正气
九章：
>> 熊之冲刺
>> 熊之敏捷
>> 熊之狂暴